<?xml version="1.0" encoding="UTF-8"?>
<robot generator="Robot 3.1.1 (Python 3.8.0a1 on win32)" generated="20190225 03:53:37.156" rpa="false">
<suite id="s1" name="Newproject" source="F:\newproject">
<suite id="s1-s1" name="SEBTestSuit" source="F:\newproject\SEBTestSuit.robot">
<kw name="Launch Browser" library="Keywords" type="setup">
<kw name="Open Browser" library="SeleniumLibrary">
<doc>Opens a new browser instance to the given ``url``.</doc>
<arguments>
<arg>url=${localUrl}</arg>
<arg>browser= chrome</arg>
</arguments>
<msg timestamp="20190225 03:53:40.476" level="INFO">Opening browser ' chrome' to base url 'https://www.seb.lv/eng/loan-and-leasing/leasing/leasing-calculator'.</msg>
<status status="PASS" starttime="20190225 03:53:40.476" endtime="20190225 03:53:54.197"></status>
</kw>
<kw name="Maximize Browser Window" library="SeleniumLibrary">
<doc>Maximizes current browser window.</doc>
<status status="PASS" starttime="20190225 03:53:54.197" endtime="20190225 03:53:55.349"></status>
</kw>
<status status="PASS" starttime="20190225 03:53:40.474" endtime="20190225 03:53:55.350"></status>
</kw>
<test id="s1-s1-t1" name="SC001:Verify Page Fields">
<kw name="Log" library="BuiltIn" type="setup">
<doc>Logs the given message with the given level.</doc>
<arguments>
<arg>Test Setup Started</arg>
</arguments>
<msg timestamp="20190225 03:53:55.353" level="INFO">Test Setup Started</msg>
<status status="PASS" starttime="20190225 03:53:55.351" endtime="20190225 03:53:55.355"></status>
</kw>
<kw name="Click on disclaimer button" library="Keywords">
<kw name="Click Element" library="SeleniumLibrary">
<doc>Click element identified by ``locator``.</doc>
<arguments>
<arg>${disclaimer}</arg>
</arguments>
<msg timestamp="20190225 03:53:55.359" level="INFO">Clicking element '//div[4]/div/p[2]/a'.</msg>
<status status="PASS" starttime="20190225 03:53:55.358" endtime="20190225 03:53:55.487"></status>
</kw>
<kw name="Sleep" library="BuiltIn">
<doc>Pauses the test executed for the given time.</doc>
<arguments>
<arg>3</arg>
</arguments>
<msg timestamp="20190225 03:53:58.491" level="INFO">Slept 3 seconds</msg>
<status status="PASS" starttime="20190225 03:53:55.487" endtime="20190225 03:53:58.491"></status>
</kw>
<status status="PASS" starttime="20190225 03:53:55.355" endtime="20190225 03:53:58.491"></status>
</kw>
<kw name="PageTxt" library="Keywords">
<kw name="Page Should Contain" library="SeleniumLibrary">
<doc>Verifies that current page contains ``text``.</doc>
<arguments>
<arg>${text}</arg>
</arguments>
<msg timestamp="20190225 03:53:58.541" level="INFO">Current page contains text 'Leasing calculator'.</msg>
<status status="PASS" starttime="20190225 03:53:58.496" endtime="20190225 03:53:58.542"></status>
</kw>
<status status="PASS" starttime="20190225 03:53:58.491" endtime="20190225 03:53:58.542"></status>
</kw>
<kw name="PageHeader" library="Keywords">
<kw name="Page Should Contain Element" library="SeleniumLibrary">
<doc>Verifies that element ``locator`` is found on the current page.</doc>
<arguments>
<arg>${headerName}</arg>
</arguments>
<msg timestamp="20190225 03:53:58.566" level="INFO">Current page contains element '//div[@id="node-7083"]/h1'.</msg>
<status status="PASS" starttime="20190225 03:53:58.542" endtime="20190225 03:53:58.566"></status>
</kw>
<status status="PASS" starttime="20190225 03:53:58.542" endtime="20190225 03:53:58.567"></status>
</kw>
<kw name="SelFrame" library="Keywords">
<kw name="Select Frame" library="SeleniumLibrary">
<doc>Sets frame identified by ``locator`` as the current frame.</doc>
<arguments>
<arg>${iFrame}</arg>
</arguments>
<msg timestamp="20190225 03:53:58.567" level="INFO">Selecting frame '//iframe'.</msg>
<status status="PASS" starttime="20190225 03:53:58.567" endtime="20190225 03:53:58.632"></status>
</kw>
<status status="PASS" starttime="20190225 03:53:58.567" endtime="20190225 03:53:58.632"></status>
</kw>
<kw name="PurchaseValue" library="Keywords">
<kw name="Page Should Contain Element" library="SeleniumLibrary">
<doc>Verifies that element ``locator`` is found on the current page.</doc>
<arguments>
<arg>${purchaseValueLabel}</arg>
</arguments>
<msg timestamp="20190225 03:53:58.664" level="INFO">Current page contains element '//div/label'.</msg>
<status status="PASS" starttime="20190225 03:53:58.632" endtime="20190225 03:53:58.664"></status>
</kw>
<status status="PASS" starttime="20190225 03:53:58.632" endtime="20190225 03:53:58.665"></status>
</kw>
<kw name="ClickLeasing" library="Keywords">
<kw name="Click Element" library="SeleniumLibrary">
<doc>Click element identified by ``locator``.</doc>
<arguments>
<arg>${leasingDropDown}</arg>
</arguments>
<msg timestamp="20190225 03:53:58.665" level="INFO">Clicking element 'id=f-type'.</msg>
<status status="PASS" starttime="20190225 03:53:58.665" endtime="20190225 03:53:58.899"></status>
</kw>
<status status="PASS" starttime="20190225 03:53:58.665" endtime="20190225 03:53:58.899"></status>
</kw>
<kw name="FinancialOption" library="Keywords">
<kw name="Page Should Contain Element" library="SeleniumLibrary">
<doc>Verifies that element ``locator`` is found on the current page.</doc>
<arguments>
<arg>${financialOption}</arg>
</arguments>
<msg timestamp="20190225 03:53:58.926" level="INFO">Current page contains element '//select[@id="f-type"]/option[1]'.</msg>
<status status="PASS" starttime="20190225 03:53:58.901" endtime="20190225 03:53:58.926"></status>
</kw>
<status status="PASS" starttime="20190225 03:53:58.901" endtime="20190225 03:53:58.926"></status>
</kw>
<kw name="OperatingOption" library="Keywords">
<kw name="Page Should Contain Element" library="SeleniumLibrary">
<doc>Verifies that element ``locator`` is found on the current page.</doc>
<arguments>
<arg>${operatingOption}</arg>
</arguments>
<msg timestamp="20190225 03:53:58.948" level="INFO">Current page contains element '//select[@id="f-type"]/option[2]'.</msg>
<status status="PASS" starttime="20190225 03:53:58.927" endtime="20190225 03:53:58.948"></status>
</kw>
<status status="PASS" starttime="20190225 03:53:58.927" endtime="20190225 03:53:58.948"></status>
</kw>
<kw name="CalculateButton" library="Keywords">
<kw name="Page Should Contain Button" library="SeleniumLibrary">
<doc>Verifies button ``locator`` is found from current page.</doc>
<arguments>
<arg>${calculatebutton}</arg>
</arguments>
<msg timestamp="20190225 03:53:59.004" level="INFO">Current page contains button '//footer/div[2]/button'.</msg>
<status status="PASS" starttime="20190225 03:53:58.948" endtime="20190225 03:53:59.004"></status>
</kw>
<status status="PASS" starttime="20190225 03:53:58.948" endtime="20190225 03:53:59.005"></status>
</kw>
<kw name="Log To Console" library="BuiltIn">
<doc>Logs the given message to the console.</doc>
<arguments>
<arg>Fields are present</arg>
</arguments>
<status status="PASS" starttime="20190225 03:53:59.005" endtime="20190225 03:53:59.005"></status>
</kw>
<kw name="Log" library="BuiltIn" type="teardown">
<doc>Logs the given message with the given level.</doc>
<arguments>
<arg>Test setUp completed</arg>
</arguments>
<msg timestamp="20190225 03:53:59.006" level="INFO">Test setUp completed</msg>
<status status="PASS" starttime="20190225 03:53:59.006" endtime="20190225 03:53:59.007"></status>
</kw>
<doc>This will verify the page field</doc>
<status status="PASS" starttime="20190225 03:53:55.351" endtime="20190225 03:53:59.007" critical="yes"></status>
</test>
<test id="s1-s1-t2" name="SC002:Verify for Type ofLeasing">
<kw name="Log" library="BuiltIn" type="setup">
<doc>Logs the given message with the given level.</doc>
<arguments>
<arg>Test Setup Started</arg>
</arguments>
<msg timestamp="20190225 03:53:59.009" level="INFO">Test Setup Started</msg>
<status status="PASS" starttime="20190225 03:53:59.009" endtime="20190225 03:53:59.010"></status>
</kw>
<kw name="VerifyLeasing finance amount" library="Keywords">
<kw name="Input Text" library="SeleniumLibrary">
<doc>Types the given ``text`` into text field identified by ``locator``.</doc>
<arguments>
<arg>${purchaseValuefield}</arg>
<arg>9000</arg>
</arguments>
<msg timestamp="20190225 03:53:59.011" level="INFO">Typing text '9000' into text field 'id=f-summa'.</msg>
<status status="PASS" starttime="20190225 03:53:59.011" endtime="20190225 03:53:59.193"></status>
</kw>
<kw name="Click Element" library="SeleniumLibrary">
<doc>Click element identified by ``locator``.</doc>
<arguments>
<arg>${leasingDropDown}</arg>
</arguments>
<msg timestamp="20190225 03:53:59.194" level="INFO">Clicking element 'id=f-type'.</msg>
<status status="PASS" starttime="20190225 03:53:59.194" endtime="20190225 03:53:59.334"></status>
</kw>
<kw name="Click Element" library="SeleniumLibrary">
<doc>Click element identified by ``locator``.</doc>
<arguments>
<arg>${financialOption}</arg>
</arguments>
<msg timestamp="20190225 03:53:59.336" level="INFO">Clicking element '//select[@id="f-type"]/option[1]'.</msg>
<status status="PASS" starttime="20190225 03:53:59.335" endtime="20190225 03:53:59.392"></status>
</kw>
<kw name="Click Element" library="SeleniumLibrary">
<doc>Click element identified by ``locator``.</doc>
<arguments>
<arg>${calculatebutton}</arg>
</arguments>
<msg timestamp="20190225 03:53:59.393" level="INFO">Clicking element '//footer/div[2]/button'.</msg>
<status status="PASS" starttime="20190225 03:53:59.392" endtime="20190225 03:53:59.586"></status>
</kw>
<kw name="Page Should Contain" library="SeleniumLibrary">
<doc>Verifies that current page contains ``text``.</doc>
<arguments>
<arg>${instalmentamount}</arg>
</arguments>
<msg timestamp="20190225 03:53:59.702" level="INFO">Current page contains text '8 100.00'.</msg>
<status status="PASS" starttime="20190225 03:53:59.586" endtime="20190225 03:53:59.702"></status>
</kw>
<kw name="Page Should Contain" library="SeleniumLibrary">
<doc>Verifies that current page contains ``text``.</doc>
<arguments>
<arg>${monthylpayment}</arg>
</arguments>
<msg timestamp="20190225 03:53:59.775" level="INFO">Current page contains text '145.55'.</msg>
<status status="PASS" starttime="20190225 03:53:59.702" endtime="20190225 03:53:59.776"></status>
</kw>
<kw name="Page Should Contain" library="SeleniumLibrary">
<doc>Verifies that current page contains ``text``.</doc>
<arguments>
<arg>${commissionfee}</arg>
</arguments>
<msg timestamp="20190225 03:53:59.850" level="INFO">Current page contains text '150.00'.</msg>
<status status="PASS" starttime="20190225 03:53:59.776" endtime="20190225 03:53:59.850"></status>
</kw>
<kw name="Page Should Contain" library="SeleniumLibrary">
<doc>Verifies that current page contains ``text``.</doc>
<arguments>
<arg>${firstInstalment}</arg>
</arguments>
<msg timestamp="20190225 03:53:59.926" level="INFO">Current page contains text '900.00'.</msg>
<status status="PASS" starttime="20190225 03:53:59.851" endtime="20190225 03:53:59.926"></status>
</kw>
<kw name="Page Should Contain" library="SeleniumLibrary">
<doc>Verifies that current page contains ``text``.</doc>
<arguments>
<arg>${annualinterest}</arg>
</arguments>
<msg timestamp="20190225 03:54:00.005" level="INFO">Current page contains text '3.9 %'.</msg>
<status status="PASS" starttime="20190225 03:53:59.927" endtime="20190225 03:54:00.006"></status>
</kw>
<kw name="Page Should Contain" library="SeleniumLibrary">
<doc>Verifies that current page contains ``text``.</doc>
<arguments>
<arg>${totalfiancingcost}</arg>
</arguments>
<msg timestamp="20190225 03:54:00.093" level="INFO">Current page contains text '8 882.78'.</msg>
<status status="PASS" starttime="20190225 03:54:00.007" endtime="20190225 03:54:00.093"></status>
</kw>
<kw name="SelFrame" library="Keywords">
<kw name="Select Frame" library="SeleniumLibrary">
<doc>Sets frame identified by ``locator`` as the current frame.</doc>
<arguments>
<arg>${iFrame}</arg>
</arguments>
<msg timestamp="20190225 03:54:00.094" level="INFO">Selecting frame '//iframe'.</msg>
<status status="PASS" starttime="20190225 03:54:00.094" endtime="20190225 03:54:00.137"></status>
</kw>
<status status="PASS" starttime="20190225 03:54:00.094" endtime="20190225 03:54:00.139"></status>
</kw>
<kw name="Click Element" library="SeleniumLibrary">
<doc>Click element identified by ``locator``.</doc>
<arguments>
<arg>${paymentsch}</arg>
</arguments>
<msg timestamp="20190225 03:54:00.139" level="INFO">Clicking element '//div/button[contains(text(), "Add for comparison")]'.</msg>
<status status="PASS" starttime="20190225 03:54:00.139" endtime="20190225 03:54:00.312"></status>
</kw>
<status status="PASS" starttime="20190225 03:53:59.010" endtime="20190225 03:54:00.312"></status>
</kw>
<kw name="Log To Console" library="BuiltIn">
<doc>Logs the given message to the console.</doc>
<arguments>
<arg>Displayed Instalment amount, annual interest, monthly payment are correct</arg>
</arguments>
<status status="PASS" starttime="20190225 03:54:00.312" endtime="20190225 03:54:00.314"></status>
</kw>
<kw name="Log" library="BuiltIn" type="teardown">
<doc>Logs the given message with the given level.</doc>
<arguments>
<arg>Test setUp completed</arg>
</arguments>
<msg timestamp="20190225 03:54:00.317" level="INFO">Test setUp completed</msg>
<status status="PASS" starttime="20190225 03:54:00.316" endtime="20190225 03:54:00.317"></status>
</kw>
<doc>This will verify for lease amount, monthly payment, commission fee etc...</doc>
<status status="PASS" starttime="20190225 03:53:59.008" endtime="20190225 03:54:00.318" critical="yes"></status>
</test>
<test id="s1-s1-t3" name="SC003: Verify for incorrect amount">
<kw name="Log" library="BuiltIn" type="setup">
<doc>Logs the given message with the given level.</doc>
<arguments>
<arg>Test Setup Started</arg>
</arguments>
<msg timestamp="20190225 03:54:00.323" level="INFO">Test Setup Started</msg>
<status status="PASS" starttime="20190225 03:54:00.321" endtime="20190225 03:54:00.323"></status>
</kw>
<kw name="ClickpurchaseValue" library="Keywords">
<kw name="Click Element" library="SeleniumLibrary">
<doc>Click element identified by ``locator``.</doc>
<arguments>
<arg>${purchaseValuefield}</arg>
</arguments>
<msg timestamp="20190225 03:54:00.326" level="INFO">Clicking element 'id=f-summa'.</msg>
<status status="PASS" starttime="20190225 03:54:00.326" endtime="20190225 03:54:00.490"></status>
</kw>
<status status="PASS" starttime="20190225 03:54:00.324" endtime="20190225 03:54:00.490"></status>
</kw>
<kw name="ClearpurchaseValue" library="Keywords">
<kw name="Clear Element Text" library="SeleniumLibrary">
<doc>Clears the value of text entry element identified by ``locator``.</doc>
<arguments>
<arg>${purchaseValuefield}</arg>
</arguments>
<status status="PASS" starttime="20190225 03:54:00.492" endtime="20190225 03:54:00.555"></status>
</kw>
<status status="PASS" starttime="20190225 03:54:00.491" endtime="20190225 03:54:00.556"></status>
</kw>
<kw name="slp" library="Keywords">
<kw name="Sleep" library="BuiltIn">
<doc>Pauses the test executed for the given time.</doc>
<arguments>
<arg>3</arg>
</arguments>
<msg timestamp="20190225 03:54:03.564" level="INFO">Slept 3 seconds</msg>
<status status="PASS" starttime="20190225 03:54:00.558" endtime="20190225 03:54:03.565"></status>
</kw>
<status status="PASS" starttime="20190225 03:54:00.557" endtime="20190225 03:54:03.566"></status>
</kw>
<kw name="EnterInpurchaseValue" library="Keywords">
<kw name="Input Text" library="SeleniumLibrary">
<doc>Types the given ``text`` into text field identified by ``locator``.</doc>
<arguments>
<arg>${purchaseValuefield}</arg>
<arg>8000</arg>
</arguments>
<msg timestamp="20190225 03:54:03.566" level="INFO">Typing text '8000' into text field 'id=f-summa'.</msg>
<status status="PASS" starttime="20190225 03:54:03.566" endtime="20190225 03:54:03.759"></status>
</kw>
<status status="PASS" starttime="20190225 03:54:03.566" endtime="20190225 03:54:03.759"></status>
</kw>
<kw name="slp" library="Keywords">
<kw name="Sleep" library="BuiltIn">
<doc>Pauses the test executed for the given time.</doc>
<arguments>
<arg>3</arg>
</arguments>
<msg timestamp="20190225 03:54:06.768" level="INFO">Slept 3 seconds</msg>
<status status="PASS" starttime="20190225 03:54:03.762" endtime="20190225 03:54:06.769"></status>
</kw>
<status status="PASS" starttime="20190225 03:54:03.760" endtime="20190225 03:54:06.770"></status>
</kw>
<kw name="Clickcalculate" library="Keywords">
<kw name="Click Element" library="SeleniumLibrary">
<doc>Click element identified by ``locator``.</doc>
<arguments>
<arg>${calculatebutton}</arg>
</arguments>
<msg timestamp="20190225 03:54:06.776" level="INFO">Clicking element '//footer/div[2]/button'.</msg>
<status status="PASS" starttime="20190225 03:54:06.770" endtime="20190225 03:54:07.025"></status>
</kw>
<status status="PASS" starttime="20190225 03:54:06.770" endtime="20190225 03:54:07.025"></status>
</kw>
<kw name="ErrorMessage" library="Keywords">
<kw name="Page Should Contain Element" library="SeleniumLibrary">
<doc>Verifies that element ``locator`` is found on the current page.</doc>
<arguments>
<arg>${message}</arg>
</arguments>
<msg timestamp="20190225 03:54:07.060" level="INFO">Current page contains element '//label[@id="f-summa-error"]'.</msg>
<status status="PASS" starttime="20190225 03:54:07.029" endtime="20190225 03:54:07.061"></status>
</kw>
<status status="PASS" starttime="20190225 03:54:07.028" endtime="20190225 03:54:07.061"></status>
</kw>
<kw name="Set Test Message" library="BuiltIn">
<doc>Sets message for the current test case.</doc>
<arguments>
<arg>${suggestion}</arg>
</arguments>
<msg timestamp="20190225 03:54:07.061" level="INFO">Set test message to:
Please enter amount greater than 9000</msg>
<status status="PASS" starttime="20190225 03:54:07.061" endtime="20190225 03:54:07.061"></status>
</kw>
<kw name="Log" library="BuiltIn" type="teardown">
<doc>Logs the given message with the given level.</doc>
<arguments>
<arg>Test setUp completed</arg>
</arguments>
<msg timestamp="20190225 03:54:07.061" level="INFO">Test setUp completed</msg>
<status status="PASS" starttime="20190225 03:54:07.061" endtime="20190225 03:54:07.061"></status>
</kw>
<doc>This will verify for amount lower than 9000</doc>
<status status="PASS" starttime="20190225 03:54:00.320" endtime="20190225 03:54:07.061" critical="yes">Please enter amount greater than 9000</status>
</test>
<test id="s1-s1-t4" name="SC004: Verify for payment schedule">
<kw name="Log" library="BuiltIn" type="setup">
<doc>Logs the given message with the given level.</doc>
<arguments>
<arg>Test Setup Started</arg>
</arguments>
<msg timestamp="20190225 03:54:07.067" level="INFO">Test Setup Started</msg>
<status status="PASS" starttime="20190225 03:54:07.066" endtime="20190225 03:54:07.067"></status>
</kw>
<kw name="Click Element" library="SeleniumLibrary">
<doc>Click element identified by ``locator``.</doc>
<arguments>
<arg>${paymentsch}</arg>
</arguments>
<msg timestamp="20190225 03:54:07.068" level="INFO">Clicking element '//div/button[contains(text(), "Add for comparison")]'.</msg>
<status status="PASS" starttime="20190225 03:54:07.067" endtime="20190225 03:54:07.197"></status>
</kw>
<kw name="Set Test Message" library="BuiltIn">
<doc>Sets message for the current test case.</doc>
<arguments>
<arg>${viewpayment}</arg>
</arguments>
<msg timestamp="20190225 03:54:07.199" level="INFO">Set test message to:
Payment Schdule is generated</msg>
<status status="PASS" starttime="20190225 03:54:07.198" endtime="20190225 03:54:07.200"></status>
</kw>
<kw name="Log" library="BuiltIn" type="teardown">
<doc>Logs the given message with the given level.</doc>
<arguments>
<arg>Test setUp completed</arg>
</arguments>
<msg timestamp="20190225 03:54:07.201" level="INFO">Test setUp completed</msg>
<status status="PASS" starttime="20190225 03:54:07.200" endtime="20190225 03:54:07.201"></status>
</kw>
<status status="PASS" starttime="20190225 03:54:07.065" endtime="20190225 03:54:07.201" critical="yes">Payment Schdule is generated</status>
</test>
<kw name="Close All Browsers" library="SeleniumLibrary" type="teardown">
<doc>Closes all open browsers and resets the browser cache.</doc>
<status status="PASS" starttime="20190225 03:54:07.205" endtime="20190225 03:54:09.495"></status>
</kw>
<doc>Verify seb Leasing Calculator</doc>
<status status="PASS" starttime="20190225 03:53:37.662" endtime="20190225 03:54:09.496"></status>
</suite>
<status status="PASS" starttime="20190225 03:53:37.539" endtime="20190225 03:54:09.505"></status>
</suite>
<statistics>
<total>
<stat pass="4" fail="0">Critical Tests</stat>
<stat pass="4" fail="0">All Tests</stat>
</total>
<tag>
</tag>
<suite>
<stat pass="4" fail="0" id="s1" name="Newproject">Newproject</stat>
<stat pass="4" fail="0" id="s1-s1" name="SEBTestSuit">Newproject.SEBTestSuit</stat>
</suite>
</statistics>
<errors>
</errors>
</robot>
