<?xml version="1.0" encoding="UTF-8"?>
<robot generator="Robot 3.1.1 (Python 3.8.0a1 on win32)" generated="20190222 22:15:23.286" rpa="false">
<suite id="s1" name="Newproject" source="F:\newproject">
<suite id="s1-s1" name="SEBTestSuit" source="F:\newproject\SEBTestSuit.robot">
<kw name="Launch Browser" library="Keywords" type="setup">
<kw name="Open Browser" library="SeleniumLibrary">
<doc>Opens a new browser instance to the given ``url``.</doc>
<arguments>
<arg>url=${localUrl}</arg>
<arg>browser= chrome</arg>
</arguments>
<msg timestamp="20190222 22:15:27.007" level="INFO">Opening browser ' chrome' to base url 'https://www.seb.lv/eng/loan-and-leasing/leasing/leasing-calculator'.</msg>
<status status="PASS" starttime="20190222 22:15:27.006" endtime="20190222 22:16:32.170"></status>
</kw>
<kw name="Maximize Browser Window" library="SeleniumLibrary">
<doc>Maximizes current browser window.</doc>
<status status="PASS" starttime="20190222 22:16:32.379" endtime="20190222 22:16:33.836"></status>
</kw>
<status status="PASS" starttime="20190222 22:15:26.970" endtime="20190222 22:16:33.836"></status>
</kw>
<test id="s1-s1-t1" name="SC001:Verif Page Fields">
<kw name="Log" library="BuiltIn" type="setup">
<doc>Logs the given message with the given level.</doc>
<arguments>
<arg>Test Setup Started</arg>
</arguments>
<msg timestamp="20190222 22:16:33.841" level="INFO">Test Setup Started</msg>
<status status="PASS" starttime="20190222 22:16:33.839" endtime="20190222 22:16:33.841"></status>
</kw>
<kw name="Click on disclaimer button" library="Keywords">
<kw name="Click Element" library="SeleniumLibrary">
<doc>Click element identified by ``locator``.</doc>
<arguments>
<arg>${disclaimer}</arg>
</arguments>
<msg timestamp="20190222 22:16:33.844" level="INFO">Clicking element '//div[4]/div/p[2]/a'.</msg>
<status status="PASS" starttime="20190222 22:16:33.843" endtime="20190222 22:16:35.917"></status>
</kw>
<kw name="Sleep" library="BuiltIn">
<doc>Pauses the test executed for the given time.</doc>
<arguments>
<arg>3</arg>
</arguments>
<msg timestamp="20190222 22:16:38.920" level="INFO">Slept 3 seconds</msg>
<status status="PASS" starttime="20190222 22:16:35.918" endtime="20190222 22:16:38.921"></status>
</kw>
<status status="PASS" starttime="20190222 22:16:33.842" endtime="20190222 22:16:38.922"></status>
</kw>
<kw name="VerifyLeasingCalculatorFields" library="Keywords">
<kw name="Page Should Contain" library="SeleniumLibrary">
<doc>Verifies that current page contains ``text``.</doc>
<arguments>
<arg>${text}</arg>
</arguments>
<msg timestamp="20190222 22:16:38.975" level="INFO">Current page contains text 'Leasing calculator'.</msg>
<status status="PASS" starttime="20190222 22:16:38.926" endtime="20190222 22:16:38.976"></status>
</kw>
<kw name="Page Should Contain Element" library="SeleniumLibrary">
<doc>Verifies that element ``locator`` is found on the current page.</doc>
<arguments>
<arg>${headerName}</arg>
</arguments>
<msg timestamp="20190222 22:16:39.025" level="INFO">Current page contains element '//div[@id="node-7083"]/h1'.</msg>
<status status="PASS" starttime="20190222 22:16:38.976" endtime="20190222 22:16:39.025"></status>
</kw>
<kw name="SelFrame" library="Keywords">
<kw name="Select Frame" library="SeleniumLibrary">
<doc>Sets frame identified by ``locator`` as the current frame.</doc>
<arguments>
<arg>${iFrame}</arg>
</arguments>
<msg timestamp="20190222 22:16:39.028" level="INFO">Selecting frame '//iframe'.</msg>
<status status="PASS" starttime="20190222 22:16:39.027" endtime="20190222 22:16:39.086"></status>
</kw>
<status status="PASS" starttime="20190222 22:16:39.026" endtime="20190222 22:16:39.086"></status>
</kw>
<kw name="Page Should Contain Element" library="SeleniumLibrary">
<doc>Verifies that element ``locator`` is found on the current page.</doc>
<arguments>
<arg>${purchaseValueLabel}</arg>
</arguments>
<msg timestamp="20190222 22:16:39.113" level="INFO">Current page contains element '//div/label'.</msg>
<status status="PASS" starttime="20190222 22:16:39.087" endtime="20190222 22:16:39.114"></status>
</kw>
<kw name="Click Element" library="SeleniumLibrary">
<doc>Click element identified by ``locator``.</doc>
<arguments>
<arg>${leasingDropDown}</arg>
</arguments>
<msg timestamp="20190222 22:16:39.115" level="INFO">Clicking element 'id=f-type'.</msg>
<status status="PASS" starttime="20190222 22:16:39.114" endtime="20190222 22:16:40.083"></status>
</kw>
<kw name="Page Should Contain Element" library="SeleniumLibrary">
<doc>Verifies that element ``locator`` is found on the current page.</doc>
<arguments>
<arg>${financialOption}</arg>
</arguments>
<msg timestamp="20190222 22:16:40.105" level="INFO">Current page contains element '//select[@id="f-type"]/option[1]'.</msg>
<status status="PASS" starttime="20190222 22:16:40.084" endtime="20190222 22:16:40.106"></status>
</kw>
<kw name="Page Should Contain Element" library="SeleniumLibrary">
<doc>Verifies that element ``locator`` is found on the current page.</doc>
<arguments>
<arg>${operatingOption}</arg>
</arguments>
<msg timestamp="20190222 22:16:40.127" level="INFO">Current page contains element '//select[@id="f-type"]/option[2]'.</msg>
<status status="PASS" starttime="20190222 22:16:40.106" endtime="20190222 22:16:40.127"></status>
</kw>
<kw name="Page Should Contain Button" library="SeleniumLibrary">
<doc>Verifies button ``locator`` is found from current page.</doc>
<arguments>
<arg>${calculatebutton}</arg>
</arguments>
<msg timestamp="20190222 22:16:40.563" level="INFO">Current page contains button '//footer/div[2]/button'.</msg>
<status status="PASS" starttime="20190222 22:16:40.128" endtime="20190222 22:16:40.564"></status>
</kw>
<status status="PASS" starttime="20190222 22:16:38.923" endtime="20190222 22:16:40.566"></status>
</kw>
<kw name="Log To Console" library="BuiltIn">
<doc>Logs the given message to the console.</doc>
<arguments>
<arg>Fields are present</arg>
</arguments>
<status status="PASS" starttime="20190222 22:16:40.567" endtime="20190222 22:16:40.569"></status>
</kw>
<kw name="Log" library="BuiltIn" type="teardown">
<doc>Logs the given message with the given level.</doc>
<arguments>
<arg>Test setUp completed</arg>
</arguments>
<msg timestamp="20190222 22:16:40.571" level="INFO">Test setUp completed</msg>
<status status="PASS" starttime="20190222 22:16:40.570" endtime="20190222 22:16:40.571"></status>
</kw>
<doc>This will verify the page field</doc>
<status status="PASS" starttime="20190222 22:16:33.837" endtime="20190222 22:16:40.572" critical="yes"></status>
</test>
<test id="s1-s1-t2" name="SC002:Verify for Type ofLeasing">
<kw name="Log" library="BuiltIn" type="setup">
<doc>Logs the given message with the given level.</doc>
<arguments>
<arg>Test Setup Started</arg>
</arguments>
<msg timestamp="20190222 22:16:40.576" level="INFO">Test Setup Started</msg>
<status status="PASS" starttime="20190222 22:16:40.575" endtime="20190222 22:16:40.576"></status>
</kw>
<kw name="VerifyLeasing finance amount" library="Keywords">
<kw name="Input Text" library="SeleniumLibrary">
<doc>Types the given ``text`` into text field identified by ``locator``.</doc>
<arguments>
<arg>${purchaseValuefield}</arg>
<arg>9000</arg>
</arguments>
<msg timestamp="20190222 22:16:40.579" level="INFO">Typing text '9000' into text field 'id=f-summa'.</msg>
<status status="PASS" starttime="20190222 22:16:40.578" endtime="20190222 22:16:42.340"></status>
</kw>
<kw name="Click Element" library="SeleniumLibrary">
<doc>Click element identified by ``locator``.</doc>
<arguments>
<arg>${leasingDropDown}</arg>
</arguments>
<msg timestamp="20190222 22:16:42.342" level="INFO">Clicking element 'id=f-type'.</msg>
<status status="PASS" starttime="20190222 22:16:42.341" endtime="20190222 22:16:42.474"></status>
</kw>
<kw name="Click Element" library="SeleniumLibrary">
<doc>Click element identified by ``locator``.</doc>
<arguments>
<arg>${financialOption}</arg>
</arguments>
<msg timestamp="20190222 22:16:42.475" level="INFO">Clicking element '//select[@id="f-type"]/option[1]'.</msg>
<status status="PASS" starttime="20190222 22:16:42.475" endtime="20190222 22:16:42.631"></status>
</kw>
<kw name="Click Element" library="SeleniumLibrary">
<doc>Click element identified by ``locator``.</doc>
<arguments>
<arg>${calculatebutton}</arg>
</arguments>
<msg timestamp="20190222 22:16:42.633" level="INFO">Clicking element '//footer/div[2]/button'.</msg>
<status status="PASS" starttime="20190222 22:16:42.632" endtime="20190222 22:16:42.823"></status>
</kw>
<kw name="Page Should Contain" library="SeleniumLibrary">
<doc>Verifies that current page contains ``text``.</doc>
<arguments>
<arg>${instalmentamount}</arg>
</arguments>
<msg timestamp="20190222 22:16:42.927" level="INFO">Current page contains text '8 100.00'.</msg>
<status status="PASS" starttime="20190222 22:16:42.824" endtime="20190222 22:16:42.927"></status>
</kw>
<kw name="Page Should Contain" library="SeleniumLibrary">
<doc>Verifies that current page contains ``text``.</doc>
<arguments>
<arg>${monthylpayment}</arg>
</arguments>
<msg timestamp="20190222 22:16:43.001" level="INFO">Current page contains text '145.55'.</msg>
<status status="PASS" starttime="20190222 22:16:42.928" endtime="20190222 22:16:43.002"></status>
</kw>
<kw name="Page Should Contain" library="SeleniumLibrary">
<doc>Verifies that current page contains ``text``.</doc>
<arguments>
<arg>${commissionfee}</arg>
</arguments>
<msg timestamp="20190222 22:16:43.076" level="INFO">Current page contains text '150.00'.</msg>
<status status="PASS" starttime="20190222 22:16:43.002" endtime="20190222 22:16:43.077"></status>
</kw>
<kw name="Page Should Contain" library="SeleniumLibrary">
<doc>Verifies that current page contains ``text``.</doc>
<arguments>
<arg>${firstInstalment}</arg>
</arguments>
<msg timestamp="20190222 22:16:43.152" level="INFO">Current page contains text '900.00'.</msg>
<status status="PASS" starttime="20190222 22:16:43.078" endtime="20190222 22:16:43.152"></status>
</kw>
<kw name="Page Should Contain" library="SeleniumLibrary">
<doc>Verifies that current page contains ``text``.</doc>
<arguments>
<arg>${annualinterest}</arg>
</arguments>
<msg timestamp="20190222 22:16:43.225" level="INFO">Current page contains text '3.9 %'.</msg>
<status status="PASS" starttime="20190222 22:16:43.153" endtime="20190222 22:16:43.226"></status>
</kw>
<kw name="Page Should Contain" library="SeleniumLibrary">
<doc>Verifies that current page contains ``text``.</doc>
<arguments>
<arg>${totalfiancingcost}</arg>
</arguments>
<msg timestamp="20190222 22:16:43.301" level="INFO">Current page contains text '8 882.78'.</msg>
<status status="PASS" starttime="20190222 22:16:43.226" endtime="20190222 22:16:43.301"></status>
</kw>
<status status="PASS" starttime="20190222 22:16:40.577" endtime="20190222 22:16:43.301"></status>
</kw>
<kw name="Log To Console" library="BuiltIn">
<doc>Logs the given message to the console.</doc>
<arguments>
<arg>Displayed Instalment amount, annual interest, monthly payment are correct</arg>
</arguments>
<status status="PASS" starttime="20190222 22:16:43.302" endtime="20190222 22:16:43.302"></status>
</kw>
<kw name="Log" library="BuiltIn" type="teardown">
<doc>Logs the given message with the given level.</doc>
<arguments>
<arg>Test setUp completed</arg>
</arguments>
<msg timestamp="20190222 22:16:43.304" level="INFO">Test setUp completed</msg>
<status status="PASS" starttime="20190222 22:16:43.303" endtime="20190222 22:16:43.304"></status>
</kw>
<doc>This will verify for lease amount, monthly payment, commission fee etc...</doc>
<status status="PASS" starttime="20190222 22:16:40.573" endtime="20190222 22:16:43.305" critical="yes"></status>
</test>
<test id="s1-s1-t3" name="SC003: Verify for incorrect amount">
<kw name="Log" library="BuiltIn" type="setup">
<doc>Logs the given message with the given level.</doc>
<arguments>
<arg>Test Setup Started</arg>
</arguments>
<msg timestamp="20190222 22:16:43.307" level="INFO">Test Setup Started</msg>
<status status="PASS" starttime="20190222 22:16:43.307" endtime="20190222 22:16:43.308"></status>
</kw>
<kw name="SelFrame" library="Keywords">
<kw name="Select Frame" library="SeleniumLibrary">
<doc>Sets frame identified by ``locator`` as the current frame.</doc>
<arguments>
<arg>${iFrame}</arg>
</arguments>
<msg timestamp="20190222 22:16:43.309" level="INFO">Selecting frame '//iframe'.</msg>
<status status="PASS" starttime="20190222 22:16:43.309" endtime="20190222 22:16:43.349"></status>
</kw>
<status status="PASS" starttime="20190222 22:16:43.308" endtime="20190222 22:16:43.349"></status>
</kw>
<kw name="Verify incorrrect Leasing financeamount" library="Keywords">
<kw name="Click Element" library="SeleniumLibrary">
<doc>Click element identified by ``locator``.</doc>
<arguments>
<arg>${purchaseValuefield}</arg>
</arguments>
<msg timestamp="20190222 22:16:43.351" level="INFO">Clicking element 'id=f-summa'.</msg>
<status status="PASS" starttime="20190222 22:16:43.351" endtime="20190222 22:16:43.493"></status>
</kw>
<kw name="Clear Element Text" library="SeleniumLibrary">
<doc>Clears the value of text entry element identified by ``locator``.</doc>
<arguments>
<arg>${purchaseValuefield}</arg>
</arguments>
<status status="PASS" starttime="20190222 22:16:43.493" endtime="20190222 22:16:43.531"></status>
</kw>
<kw name="Sleep" library="BuiltIn">
<doc>Pauses the test executed for the given time.</doc>
<arguments>
<arg>3</arg>
</arguments>
<msg timestamp="20190222 22:16:46.534" level="INFO">Slept 3 seconds</msg>
<status status="PASS" starttime="20190222 22:16:43.531" endtime="20190222 22:16:46.535"></status>
</kw>
<kw name="Input Text" library="SeleniumLibrary">
<doc>Types the given ``text`` into text field identified by ``locator``.</doc>
<arguments>
<arg>${purchaseValuefield}</arg>
<arg>8000</arg>
</arguments>
<msg timestamp="20190222 22:16:46.540" level="INFO">Typing text '8000' into text field 'id=f-summa'.</msg>
<status status="PASS" starttime="20190222 22:16:46.536" endtime="20190222 22:16:46.709"></status>
</kw>
<kw name="Sleep" library="BuiltIn">
<doc>Pauses the test executed for the given time.</doc>
<arguments>
<arg>3</arg>
</arguments>
<msg timestamp="20190222 22:16:49.712" level="INFO">Slept 3 seconds</msg>
<status status="PASS" starttime="20190222 22:16:46.710" endtime="20190222 22:16:49.712"></status>
</kw>
<kw name="Click Element" library="SeleniumLibrary">
<doc>Click element identified by ``locator``.</doc>
<arguments>
<arg>${calculatebutton}</arg>
</arguments>
<msg timestamp="20190222 22:16:49.714" level="INFO">Clicking element '//footer/div[2]/button'.</msg>
<status status="PASS" starttime="20190222 22:16:49.713" endtime="20190222 22:16:49.889"></status>
</kw>
<status status="PASS" starttime="20190222 22:16:43.350" endtime="20190222 22:16:49.889"></status>
</kw>
<kw name="ErrorMessage" library="Keywords">
<kw name="Page Should Contain Element" library="SeleniumLibrary">
<doc>Verifies that element ``locator`` is found on the current page.</doc>
<arguments>
<arg>${message}</arg>
</arguments>
<msg timestamp="20190222 22:16:49.920" level="INFO">Current page contains element '//label[@id="f-summa-error"]'.</msg>
<status status="PASS" starttime="20190222 22:16:49.891" endtime="20190222 22:16:49.920"></status>
</kw>
<status status="PASS" starttime="20190222 22:16:49.890" endtime="20190222 22:16:49.921"></status>
</kw>
<kw name="Set Test Message" library="BuiltIn">
<doc>Sets message for the current test case.</doc>
<arguments>
<arg>${suggestion}</arg>
</arguments>
<msg timestamp="20190222 22:16:49.921" level="INFO">Set test message to:
Please enter amount greater than 9000</msg>
<status status="PASS" starttime="20190222 22:16:49.921" endtime="20190222 22:16:49.922"></status>
</kw>
<kw name="Log" library="BuiltIn" type="teardown">
<doc>Logs the given message with the given level.</doc>
<arguments>
<arg>Test setUp completed</arg>
</arguments>
<msg timestamp="20190222 22:16:49.922" level="INFO">Test setUp completed</msg>
<status status="PASS" starttime="20190222 22:16:49.922" endtime="20190222 22:16:49.923"></status>
</kw>
<doc>This will verify for amount lower than 9000</doc>
<status status="PASS" starttime="20190222 22:16:43.306" endtime="20190222 22:16:49.923" critical="yes">Please enter amount greater than 9000</status>
</test>
<kw name="Close All Browsers" library="SeleniumLibrary" type="teardown">
<doc>Closes all open browsers and resets the browser cache.</doc>
<status status="PASS" starttime="20190222 22:16:49.924" endtime="20190222 22:16:52.371"></status>
</kw>
<doc>Verify seb Leasing Calculator</doc>
<status status="PASS" starttime="20190222 22:15:24.502" endtime="20190222 22:16:52.373"></status>
</suite>
<status status="PASS" starttime="20190222 22:15:24.388" endtime="20190222 22:16:52.396"></status>
</suite>
<statistics>
<total>
<stat pass="3" fail="0">Critical Tests</stat>
<stat pass="3" fail="0">All Tests</stat>
</total>
<tag>
</tag>
<suite>
<stat pass="3" fail="0" id="s1" name="Newproject">Newproject</stat>
<stat pass="3" fail="0" id="s1-s1" name="SEBTestSuit">Newproject.SEBTestSuit</stat>
</suite>
</statistics>
<errors>
</errors>
</robot>
